<?xml version="1.0" encoding="UTF-8"?>
<Site BuildName="Linux-g++"
	BuildStamp="20240523-1800-Experimental"
	Name="DESKTOP-3RRLNUJ"
	Generator="ctest-3.22.1"
	CompilerName="/usr/bin/g++"
	CompilerVersion="11.4.0"
	OSName="Linux"
	Hostname="DESKTOP-3RRLNUJ"
	OSRelease="5.15.146.1-microsoft-standard-WSL2"
	OSVersion="#1 SMP Thu Jan 11 04:09:03 UTC 2024"
	OSPlatform="x86_64"
	Is64Bits="1"
	VendorString="AuthenticAMD"
	VendorID="Advanced Micro Devices"
	FamilyID="25"
	ModelID="80"
	ProcessorCacheSize="512"
	NumberOfLogicalCPU="16"
	NumberOfPhysicalCPU="8"
	TotalVirtualMemory="2048"
	TotalPhysicalMemory="7650"
	LogicalProcessorsPerPhysical="2"
	ProcessorClockFrequency="3293.78"
	>
	<Testing>
		<StartDateTime>May 24 03:01 KST</StartDateTime>
		<StartTestTime>1716487269</StartTestTime>
		<TestList/>
		<EndDateTime>May 24 03:01 KST</EndDateTime>
		<EndTestTime>1716487269</EndTestTime>
		<ElapsedMinutes>0</ElapsedMinutes>
	</Testing>
</Site>
